{"contracts/governance/PolkamineDAO.sol":{"l":{},"path":"/Volumes/WORK/Polkamine/Polkamine-Contract/contracts/governance/PolkamineDAO.sol","s":{},"b":{},"f":{},"fnMap":{},"statementMap":{},"branchMap":{}},"contracts/token/PToken.sol":{"l":{"24":48,"25":48,"29":48,"39":6,"41":6,"48":2,"50":1,"64":2,"65":2,"69":1,"70":1,"72":1},"path":"/Volumes/WORK/Polkamine/Polkamine-Contract/contracts/token/PToken.sol","s":{"1":48,"2":48,"3":48,"4":6,"5":6,"6":2,"7":1,"8":2,"9":2,"10":1,"11":1,"12":1},"b":{"1":[1,1]},"f":{"1":48,"2":6,"3":2,"4":2},"fnMap":{"1":{"name":"initialize","line":23,"loc":{"start":{"line":23,"column":4},"end":{"line":30,"column":4}}},"2":{"name":"mint","line":38,"loc":{"start":{"line":38,"column":4},"end":{"line":42,"column":4}}},"3":{"name":"burn","line":47,"loc":{"start":{"line":47,"column":4},"end":{"line":51,"column":4}}},"4":{"name":"burnFrom","line":62,"loc":{"start":{"line":59,"column":4},"end":{"line":73,"column":4}}}},"statementMap":{"1":{"start":{"line":24,"column":8},"end":{"line":24,"column":43}},"2":{"start":{"line":25,"column":8},"end":{"line":25,"column":39}},"3":{"start":{"line":29,"column":8},"end":{"line":29,"column":49}},"4":{"start":{"line":39,"column":8},"end":{"line":39,"column":24}},"5":{"start":{"line":41,"column":8},"end":{"line":41,"column":29}},"6":{"start":{"line":48,"column":8},"end":{"line":48,"column":32}},"7":{"start":{"line":50,"column":8},"end":{"line":50,"column":40}},"8":{"start":{"line":64,"column":8},"end":{"line":64,"column":62}},"9":{"start":{"line":65,"column":8},"end":{"line":65,"column":2086}},"10":{"start":{"line":69,"column":8},"end":{"line":69,"column":60}},"11":{"start":{"line":70,"column":8},"end":{"line":70,"column":26}},"12":{"start":{"line":72,"column":8},"end":{"line":72,"column":31}}},"branchMap":{"1":{"line":65,"type":"if","locations":[{"start":{"line":65,"column":8},"end":{"line":65,"column":8}},{"start":{"line":65,"column":8},"end":{"line":65,"column":8}}]}}},"contracts/token/WToken.sol":{"l":{"24":48,"25":48,"29":48,"39":6,"41":6,"48":2,"50":1,"64":2,"65":2,"69":1,"70":1,"72":1},"path":"/Volumes/WORK/Polkamine/Polkamine-Contract/contracts/token/WToken.sol","s":{"1":48,"2":48,"3":48,"4":6,"5":6,"6":2,"7":1,"8":2,"9":2,"10":1,"11":1,"12":1},"b":{"1":[1,1]},"f":{"1":48,"2":6,"3":2,"4":2},"fnMap":{"1":{"name":"initialize","line":23,"loc":{"start":{"line":23,"column":4},"end":{"line":30,"column":4}}},"2":{"name":"mint","line":38,"loc":{"start":{"line":38,"column":4},"end":{"line":42,"column":4}}},"3":{"name":"burn","line":47,"loc":{"start":{"line":47,"column":4},"end":{"line":51,"column":4}}},"4":{"name":"burnFrom","line":62,"loc":{"start":{"line":59,"column":4},"end":{"line":73,"column":4}}}},"statementMap":{"1":{"start":{"line":24,"column":8},"end":{"line":24,"column":43}},"2":{"start":{"line":25,"column":8},"end":{"line":25,"column":39}},"3":{"start":{"line":29,"column":8},"end":{"line":29,"column":49}},"4":{"start":{"line":39,"column":8},"end":{"line":39,"column":24}},"5":{"start":{"line":41,"column":8},"end":{"line":41,"column":29}},"6":{"start":{"line":48,"column":8},"end":{"line":48,"column":32}},"7":{"start":{"line":50,"column":8},"end":{"line":50,"column":40}},"8":{"start":{"line":64,"column":8},"end":{"line":64,"column":62}},"9":{"start":{"line":65,"column":8},"end":{"line":65,"column":2086}},"10":{"start":{"line":69,"column":8},"end":{"line":69,"column":60}},"11":{"start":{"line":70,"column":8},"end":{"line":70,"column":26}},"12":{"start":{"line":72,"column":8},"end":{"line":72,"column":31}}},"branchMap":{"1":{"line":65,"type":"if","locations":[{"start":{"line":65,"column":8},"end":{"line":65,"column":8}},{"start":{"line":65,"column":8},"end":{"line":65,"column":8}}]}}}}