{"contracts/governance/PolkamineDAO.sol":{"l":{},"path":"/Users/fantasy/Documents/Project/polkamine/Polkamine-Contract/contracts/governance/PolkamineDAO.sol","s":{},"b":{},"f":{},"fnMap":{},"statementMap":{},"branchMap":{}},"contracts/token/PToken.sol":{"l":{"26":3,"36":0,"38":0,"45":0,"47":0,"61":0,"62":0,"66":0,"67":0,"69":0},"path":"/Users/fantasy/Documents/Project/polkamine/Polkamine-Contract/contracts/token/PToken.sol","s":{"1":3,"2":0,"3":0,"4":0,"5":0,"6":0,"7":0,"8":0,"9":0,"10":0},"b":{"1":[0,0]},"f":{"1":3,"2":0,"3":0,"4":0},"fnMap":{"1":{"name":"constructor","line":23,"loc":{"start":{"line":23,"column":4},"end":{"line":27,"column":4}}},"2":{"name":"mint","line":35,"loc":{"start":{"line":35,"column":4},"end":{"line":39,"column":4}}},"3":{"name":"burn","line":44,"loc":{"start":{"line":44,"column":4},"end":{"line":48,"column":4}}},"4":{"name":"burnFrom","line":59,"loc":{"start":{"line":56,"column":4},"end":{"line":70,"column":4}}}},"statementMap":{"1":{"start":{"line":26,"column":8},"end":{"line":26,"column":49}},"2":{"start":{"line":36,"column":8},"end":{"line":36,"column":24}},"3":{"start":{"line":38,"column":8},"end":{"line":38,"column":29}},"4":{"start":{"line":45,"column":8},"end":{"line":45,"column":32}},"5":{"start":{"line":47,"column":8},"end":{"line":47,"column":40}},"6":{"start":{"line":61,"column":8},"end":{"line":61,"column":62}},"7":{"start":{"line":62,"column":8},"end":{"line":62,"column":1922}},"8":{"start":{"line":66,"column":8},"end":{"line":66,"column":60}},"9":{"start":{"line":67,"column":8},"end":{"line":67,"column":26}},"10":{"start":{"line":69,"column":8},"end":{"line":69,"column":31}}},"branchMap":{"1":{"line":62,"type":"if","locations":[{"start":{"line":62,"column":8},"end":{"line":62,"column":8}},{"start":{"line":62,"column":8},"end":{"line":62,"column":8}}]}}},"contracts/token/WToken.sol":{"l":{"26":3,"36":0,"38":0,"45":0,"47":0,"61":0,"62":0,"66":0,"67":0,"69":0},"path":"/Users/fantasy/Documents/Project/polkamine/Polkamine-Contract/contracts/token/WToken.sol","s":{"1":3,"2":0,"3":0,"4":0,"5":0,"6":0,"7":0,"8":0,"9":0,"10":0},"b":{"1":[0,0]},"f":{"1":3,"2":0,"3":0,"4":0},"fnMap":{"1":{"name":"constructor","line":23,"loc":{"start":{"line":23,"column":4},"end":{"line":27,"column":4}}},"2":{"name":"mint","line":35,"loc":{"start":{"line":35,"column":4},"end":{"line":39,"column":4}}},"3":{"name":"burn","line":44,"loc":{"start":{"line":44,"column":4},"end":{"line":48,"column":4}}},"4":{"name":"burnFrom","line":59,"loc":{"start":{"line":56,"column":4},"end":{"line":70,"column":4}}}},"statementMap":{"1":{"start":{"line":26,"column":8},"end":{"line":26,"column":49}},"2":{"start":{"line":36,"column":8},"end":{"line":36,"column":24}},"3":{"start":{"line":38,"column":8},"end":{"line":38,"column":29}},"4":{"start":{"line":45,"column":8},"end":{"line":45,"column":32}},"5":{"start":{"line":47,"column":8},"end":{"line":47,"column":40}},"6":{"start":{"line":61,"column":8},"end":{"line":61,"column":62}},"7":{"start":{"line":62,"column":8},"end":{"line":62,"column":1922}},"8":{"start":{"line":66,"column":8},"end":{"line":66,"column":60}},"9":{"start":{"line":67,"column":8},"end":{"line":67,"column":26}},"10":{"start":{"line":69,"column":8},"end":{"line":69,"column":31}}},"branchMap":{"1":{"line":62,"type":"if","locations":[{"start":{"line":62,"column":8},"end":{"line":62,"column":8}},{"start":{"line":62,"column":8},"end":{"line":62,"column":8}}]}}}}