TN:
SF:/Volumes/WORK/Polkamine/Polkamine-Contract/contracts/governance/PolkamineDAO.sol
FNF:0
FNH:0
LF:0
LH:0
BRF:0
BRH:0
end_of_record
TN:
SF:/Volumes/WORK/Polkamine/Polkamine-Contract/contracts/token/PToken.sol
FN:23,initialize
FN:38,mint
FN:47,burn
FN:62,burnFrom
FNF:4
FNH:4
FNDA:48,initialize
FNDA:6,mint
FNDA:2,burn
FNDA:2,burnFrom
DA:24,48
DA:25,48
DA:29,48
DA:39,6
DA:41,6
DA:48,2
DA:50,1
DA:64,2
DA:65,2
DA:69,1
DA:70,1
DA:72,1
LF:12
LH:12
BRDA:65,1,0,1
BRDA:65,1,1,1
BRF:2
BRH:2
end_of_record
TN:
SF:/Volumes/WORK/Polkamine/Polkamine-Contract/contracts/token/WToken.sol
FN:23,initialize
FN:38,mint
FN:47,burn
FN:62,burnFrom
FNF:4
FNH:4
FNDA:48,initialize
FNDA:6,mint
FNDA:2,burn
FNDA:2,burnFrom
DA:24,48
DA:25,48
DA:29,48
DA:39,6
DA:41,6
DA:48,2
DA:50,1
DA:64,2
DA:65,2
DA:69,1
DA:70,1
DA:72,1
LF:12
LH:12
BRDA:65,1,0,1
BRDA:65,1,1,1
BRF:2
BRH:2
end_of_record
